


2024-10-18 21:58:37
================ Hyperparameters ===============
anormly_ratio: 0.67
batch_size: 128
d_model: 32
data_path: SMAP
dataset: SMAP
device_ids: [0, 1, 2, 3]
devices: 0,1,2,3
global_size: [19]
gpu: 0
index: 137
input_c: 25
local_size: [5]
loss_fuc: MSE
lr: 0.0001
model_save_path: checkpoints
mul_num: 10
num_epochs: 1
output_c: 25
r: 0.98
rec_timeseries: True
use_gpu: True
use_multi_gpu: True
win_size: 60
====================  Train  ===================
grid_size 9
spline_order 1
grid_size 9
spline_order 1
grid_size 9
spline_order 1
grid_size 9
spline_order 1
params_num 46080
	speed: 0.0539s/iter; left time: 51.5701s
	speed: 0.0398s/iter; left time: 34.1467s
	speed: 0.0399s/iter; left time: 30.1732s
